0 info it worked if it ends with ok
1 verbose cli [ 'D:\\node\\\\node.exe',
1 verbose cli   'D:\\node\\node_modules\\npm\\bin\\npm-cli.js',
1 verbose cli   'install',
1 verbose cli   'fis-postpackager-true' ]
2 info using npm@1.3.21
3 info using node@v0.10.24
4 verbose node symlink D:\node\\node.exe
5 warn package.json fis-amd-test@0.0.1 No README data
6 verbose readDependencies using package.json deps
7 verbose cache add [ 'fis-postpackager-true', null ]
8 verbose cache add name=undefined spec="fis-postpackager-true" args=["fis-postpackager-true",null]
9 verbose parsed url { protocol: null,
9 verbose parsed url   slashes: null,
9 verbose parsed url   auth: null,
9 verbose parsed url   host: null,
9 verbose parsed url   port: null,
9 verbose parsed url   hostname: null,
9 verbose parsed url   hash: null,
9 verbose parsed url   search: null,
9 verbose parsed url   query: null,
9 verbose parsed url   pathname: 'fis-postpackager-true',
9 verbose parsed url   path: 'fis-postpackager-true',
9 verbose parsed url   href: 'fis-postpackager-true' }
10 silly lockFile b9c03fac-fis-postpackager-true fis-postpackager-true
11 verbose lock fis-postpackager-true C:\Users\Administrator\AppData\Roaming\npm-cache\b9c03fac-fis-postpackager-true.lock
12 silly lockFile b9c03fac-fis-postpackager-true fis-postpackager-true
13 silly lockFile b9c03fac-fis-postpackager-true fis-postpackager-true
14 verbose addNamed [ 'fis-postpackager-true', '' ]
15 verbose addNamed [ null, '*' ]
16 silly lockFile 2e0dcb2f-fis-postpackager-true fis-postpackager-true@
17 verbose lock fis-postpackager-true@ C:\Users\Administrator\AppData\Roaming\npm-cache\2e0dcb2f-fis-postpackager-true.lock
18 silly addNameRange { name: 'fis-postpackager-true', range: '*', hasData: false }
19 verbose url raw fis-postpackager-true
20 verbose url resolving [ 'https://registry.npmjs.org/', './fis-postpackager-true' ]
21 verbose url resolved https://registry.npmjs.org/fis-postpackager-true
22 info trying registry request attempt 1 at 14:39:19
23 http GET https://registry.npmjs.org/fis-postpackager-true
24 http 404 https://registry.npmjs.org/fis-postpackager-true
25 silly registry.get cb [ 404,
25 silly registry.get   { server: 'CouchDB/1.5.0 (Erlang OTP/R16B03)',
25 silly registry.get     'content-type': 'application/json',
25 silly registry.get     'cache-control': 'max-age=0',
25 silly registry.get     'content-length': '51',
25 silly registry.get     'accept-ranges': 'bytes',
25 silly registry.get     date: 'Tue, 09 Jun 2015 06:37:57 GMT',
25 silly registry.get     via: '1.1 varnish',
25 silly registry.get     age: '0',
25 silly registry.get     connection: 'keep-alive',
25 silly registry.get     'x-served-by': 'cache-fra1220-FRA',
25 silly registry.get     'x-cache': 'MISS',
25 silly registry.get     'x-cache-hits': '0',
25 silly registry.get     'x-timer': 'S1433831877.776371,VS0,VE179' } ]
26 silly lockFile 2e0dcb2f-fis-postpackager-true fis-postpackager-true@
27 silly lockFile 2e0dcb2f-fis-postpackager-true fis-postpackager-true@
28 error 404 'fis-postpackager-true' is not in the npm registry.
28 error 404 You should bug the author to publish it
28 error 404
28 error 404 Note that you can also install from a
28 error 404 tarball, folder, or http url, or git url.
29 error System Windows_NT 6.1.7601
30 error command "D:\\node\\\\node.exe" "D:\\node\\node_modules\\npm\\bin\\npm-cli.js" "install" "fis-postpackager-true"
31 error cwd D:\demo\amdmod
32 error node -v v0.10.24
33 error npm -v 1.3.21
34 error code E404
35 verbose exit [ 1, true ]
